#
# A fatal error has been detected by the Java Runtime Environment:
#
#  EXCEPTION_ACCESS_VIOLATION (0xc0000005) at pc=0x00007ffff3bdbfc3, pid=131456, tid=88660
#
# JRE version: OpenJDK Runtime Environment Temurin-11.0.14.1+1 (11.0.14.1+1) (build 11.0.14.1+1)
# Java VM: OpenJDK 64-Bit Server VM Temurin-11.0.14.1+1 (11.0.14.1+1, mixed mode, tiered, compressed oops, g1 gc, windows-amd64)
# Problematic frame:
# V  [jvm.dll+0x37bfc3]
#
# No core dump will be written. Minidumps are not enabled by default on client versions of Windows
#
# If you would like to submit a bug report, please visit:
#   https://github.com/adoptium/adoptium-support/issues
#

---------------  S U M M A R Y ------------

Command Line: -ea -agentlib:jdwp=transport=dt_shmem,address=javadebug -Dfile.encoding=UTF-8 bluej.runtime.ExecServer UTF-8

Host: Intel(R) Core(TM) i5-10400 CPU @ 2.90GHz, 12 cores, 11G,  Windows 10 , 64 bit Build 19041 (10.0.19041.2364)
Time: Sun Jan 15 21:31:13 2023 Central Standard Time elapsed time: 182.508484 seconds (0d 0h 3m 2s)

---------------  T H R E A D  ---------------

Current thread (0x000001e928930800):  JavaThread "Thread-19761" [_thread_in_vm, id=88660, stack(0x000000475f800000,0x000000475f900000)]

Stack: [0x000000475f800000,0x000000475f900000],  sp=0x000000475f8ff050,  free space=1020k
Native frames: (J=compiled Java code, j=interpreted, Vv=VM code, C=native code)
V  [jvm.dll+0x37bfc3]
V  [jvm.dll+0x61e4c2]
V  [jvm.dll+0x37caaa]
V  [jvm.dll+0x37cd37]
V  [jvm.dll+0x3f4751]
V  [jvm.dll+0x76d7c0]
V  [jvm.dll+0x766724]
